[21:58:21][INFO]:Поиск новых объявлений! СПБ, до 300к
[21:58:23][INFO]:[STATUS_CODE]:200
[21:58:55][INFO]:Поиск новых объявлений! СПБ, до 300к
[21:58:57][INFO]:[STATUS_CODE]:200
[22:00:05][INFO]:Поиск новых объявлений! СПБ, до 300к
[22:00:07][INFO]:[STATUS_CODE]:200
[22:00:44][INFO]:Поиск новых объявлений! СПБ, до 300к
[22:00:47][INFO]:[STATUS_CODE]:200
[22:00:47][INFO]:Новых объявлений нет!
[22:00:57][INFO]:Поиск новых объявлений! СПБ, 300-700
[22:00:59][INFO]:[STATUS_CODE]:200
[22:00:59][INFO]:Отправка - Mercedes-Benz E-Класс, 2004 в Санкт-Петербурге, 17:05
[22:00:59][INFO]:Отправлено - Mercedes-Benz E-Класс, 2004 в Санкт-Петербурге
[22:01:10][INFO]:Поиск новых объявлений! СПБ, 700-1,5млн
[22:01:12][INFO]:[STATUS_CODE]:200
[22:01:12][INFO]:Отправка - Toyota Passo, 2017 в Санкт-Петербурге, 22:00
[22:01:13][INFO]:Отправлено - Toyota Passo, 2017 в Санкт-Петербурге
[22:13:20][INFO]:Поиск новых объявлений! СПБ, до 300к
[22:13:22][INFO]:[STATUS_CODE]:200
[22:16:06][INFO]:Поиск новых объявлений! СПБ, до 300к
[22:16:08][INFO]:[STATUS_CODE]:200
[22:16:08][INFO]:Отправка - Ford Fiesta, 2006 в Санкт-Петербурге, 22:15
[22:16:09][INFO]:Отправлено - Ford Fiesta, 2006 в Санкт-Петербурге
[13:38:32][INFO]:Поиск новых объявлений! СПБ, до 300к
[13:38:32][ERROR]:Ошибка! ('Connection aborted.', BadStatusLine('\x00[\x00\x00\x00\x00\x00\x00'))
[13:40:00][INFO]:Поиск новых объявлений! СПБ, до 300к
[13:40:01][ERROR]:Ошибка! ('Connection aborted.', BadStatusLine('\x00[\x00\x00\x00\x00\x00\x00'))
[13:40:06][INFO]:Поиск новых объявлений! СПБ, до 300к
[13:40:06][ERROR]:Ошибка! ('Connection aborted.', BadStatusLine('\x00[\x00\x00\x00\x00\x00\x00'))
[13:40:11][INFO]:Поиск новых объявлений! СПБ, до 300к
[13:40:11][ERROR]:Ошибка! ('Connection aborted.', BadStatusLine('\x00[\x00\x00\x00\x00\x00\x00'))
[14:33:51][INFO]:[STATUS_CODE]:429
[14:34:41][INFO]:[STATUS_CODE]:200
[14:34:52][INFO]:[STATUS_CODE]:200
[14:35:03][INFO]:[STATUS_CODE]:200
[14:35:14][INFO]:[STATUS_CODE]:200
[14:35:25][INFO]:[STATUS_CODE]:200
[14:35:36][INFO]:[STATUS_CODE]:200
