[00:29:38][INFO]:Поиск новых объявлений! СПБ, до 300к
[00:29:42][INFO]:Новых объявлений нет!
[00:29:51][INFO]:Поиск новых объявлений! СПБ, 300-700
[00:29:53][INFO]:Новых объявлений нет!
[00:30:02][INFO]:Поиск новых объявлений! СПБ, 700-1,5млн
[00:30:05][INFO]:Новых объявлений нет!
[00:30:14][INFO]:Поиск новых объявлений! СПБ, 1,5млн>
[00:30:20][INFO]:Поиск новых объявлений! СПБ, до 300к
[00:30:22][INFO]:Новых объявлений нет!
[00:30:31][INFO]:Поиск новых объявлений! СПБ, 300-700
[00:30:34][INFO]:Новых объявлений нет!
[00:30:43][INFO]:Поиск новых объявлений! СПБ, 700-1,5млн
[00:30:48][INFO]:Новых объявлений нет!
[00:30:57][INFO]:Поиск новых объявлений! СПБ, 1,5млн>
[00:31:03][INFO]:Поиск новых объявлений! СПБ, до 300к
[00:31:05][INFO]:Новых объявлений нет!
[00:31:14][INFO]:Поиск новых объявлений! СПБ, 300-700
[00:31:17][INFO]:Новых объявлений нет!
[00:31:26][INFO]:Поиск новых объявлений! СПБ, 700-1,5млн
[00:31:29][INFO]:Новых объявлений нет!
[00:31:38][INFO]:Поиск новых объявлений! СПБ, 1,5млн>
[00:31:41][INFO]:Новых объявлений нет!
[00:31:50][INFO]:Поиск новых объявлений! Архангельск, до 300к
[00:31:54][INFO]:Новых объявлений нет!
[00:32:03][INFO]:Поиск новых объявлений! Архангельск, 300-700
[00:32:05][INFO]:Новых объявлений нет!
[00:32:14][INFO]:Поиск новых объявлений! Архангельск, 700-1,5млн
[00:32:16][INFO]:Новых объявлений нет!
[00:32:25][INFO]:Поиск новых объявлений! Архангельск, 1,5млн>
[00:32:27][INFO]:Новых объявлений нет!
[00:32:36][INFO]:Поиск новых объявлений! МСК, до 300к
[00:32:38][INFO]:Новых объявлений нет!
[00:32:47][INFO]:Поиск новых объявлений! МСК, 300-700
[00:32:49][INFO]:Новых объявлений нет!
[00:32:58][INFO]:Поиск новых объявлений! МСК, 700-1,5млн
[00:33:00][INFO]:Новых объявлений нет!
[00:33:09][INFO]:Поиск новых объявлений! МСК, 1,5млн>
[00:33:12][INFO]:Новых объявлений нет!
[00:33:21][INFO]:Поиск новых объявлений! Ростов-на-дону, до 300к
[00:33:24][INFO]:Новых объявлений нет!
[00:33:33][INFO]:Поиск новых объявлений! Ростов-на-дону, 300-700
[00:33:36][INFO]:Новых объявлений нет!
[00:33:45][INFO]:Поиск новых объявлений! Ростов-на-дону, 700-1,5млн
[00:33:47][INFO]:Новых объявлений нет!
[00:34:26][INFO]:Поиск новых объявлений! СПБ, до 300к
[00:34:30][INFO]:Новых объявлений нет!
[00:34:39][INFO]:Поиск новых объявлений! СПБ, 300-700
[00:34:43][INFO]:Новых объявлений нет!
[00:34:52][INFO]:Поиск новых объявлений! СПБ, 700-1,5млн
[00:34:55][INFO]:Новых объявлений нет!
[00:35:04][INFO]:Поиск новых объявлений! СПБ, 1,5млн>
[00:35:06][INFO]:Новых объявлений нет!
[00:35:15][INFO]:Поиск новых объявлений! Архангельск, до 300к
[00:35:18][INFO]:Новых объявлений нет!
[00:35:27][INFO]:Поиск новых объявлений! Архангельск, 300-700
[00:35:31][INFO]:Новых объявлений нет!
[00:35:40][INFO]:Поиск новых объявлений! Архангельск, 700-1,5млн
[00:35:44][INFO]:Новых объявлений нет!
[00:35:53][INFO]:Поиск новых объявлений! Архангельск, 1,5млн>
[00:35:56][INFO]:Новых объявлений нет!
[00:36:05][INFO]:Поиск новых объявлений! МСК, до 300к
[00:36:07][INFO]:Отправка - ВАЗ 2107, 2008, Несколько секунд назад
[00:36:20][INFO]:Поиск новых объявлений! МСК, 300-700
[00:36:22][INFO]:Отправка - Mazda BT-50, 2007, 1 минуту назад
[00:36:35][INFO]:Поиск новых объявлений! МСК, 700-1,5млн
[00:36:37][INFO]:Отправка - BMW 1 серия, 2017, Несколько секунд назад
[00:36:41][INFO]:Отправка - Hyundai Elantra, 2016, 1 минуту назад
[00:36:53][INFO]:Поиск новых объявлений! МСК, 1,5млн>
[00:36:56][INFO]:Новых объявлений нет!
