[20:51:02][INFO]:Поиск новых объявлений! СПБ, до 300к
[20:51:04][INFO]:[STATUS_CODE]:200
[20:51:04][INFO]:Новых объявлений нет!
[20:51:14][INFO]:Поиск новых объявлений! СПБ, 300-700
[20:51:15][INFO]:[STATUS_CODE]:200
[20:51:15][INFO]:Новых объявлений нет!
[20:51:25][INFO]:Поиск новых объявлений! СПБ, 700-1,5млн
[20:51:26][INFO]:[STATUS_CODE]:200
[20:51:26][INFO]:Новых объявлений нет!
[20:51:36][INFO]:Поиск новых объявлений! СПБ, 1,5млн>
[20:51:37][INFO]:[STATUS_CODE]:200
[20:51:37][INFO]:Новых объявлений нет!
[20:51:55][INFO]:Поиск новых объявлений! СПБ, до 300к
[20:51:57][INFO]:[STATUS_CODE]:200
[20:51:57][INFO]:Новых объявлений нет!
[20:52:07][INFO]:Поиск новых объявлений! СПБ, 300-700
[20:52:08][INFO]:[STATUS_CODE]:200
[20:52:08][INFO]:Новых объявлений нет!
[20:52:18][INFO]:Поиск новых объявлений! СПБ, 700-1,5млн
[20:52:19][INFO]:[STATUS_CODE]:200
[20:52:19][INFO]:Новых объявлений нет!
[20:52:29][INFO]:Поиск новых объявлений! СПБ, 1,5млн>
[20:52:30][INFO]:[STATUS_CODE]:200
[20:52:30][INFO]:Новых объявлений нет!
[20:52:50][INFO]:Поиск новых объявлений! СПБ, до 300к
[20:52:51][INFO]:[STATUS_CODE]:200
[20:52:51][INFO]:Новых объявлений нет!
